<?xml version="1.0" encoding="UTF-8"?>
<testsuite name="edu.jsu.mcis.ArgumentParserTest" tests="5" skipped="0" failures="0" errors="0" timestamp="2015-02-12T22:05:34" hostname="Scott-Laptop" time="0.009">
  <properties/>
  <testcase name="testGetValueReturnsCorrectValue" classname="edu.jsu.mcis.ArgumentParserTest" time="0.008"/>
  <testcase name="testInitialLabelArrayIsEmpty" classname="edu.jsu.mcis.ArgumentParserTest" time="0.0"/>
  <testcase name="testAddArgIndividually" classname="edu.jsu.mcis.ArgumentParserTest" time="0.0"/>
  <testcase name="testAddProgramDescription" classname="edu.jsu.mcis.ArgumentParserTest" time="0.0"/>
  <testcase name="testGetValueOfUnknownArgument" classname="edu.jsu.mcis.ArgumentParserTest" time="0.0"/>
  <system-out><![CDATA[]]></system-out>
  <system-err><![CDATA[]]></system-err>
</testsuite>
